WARNING:tensorflow:Estimator's model_fn (<function model_fn at 0x7f2f020bab18>) includes params argument, but params are not passed to Estimator.
INFO:tensorflow:Using config: {'_tpu_config': TPUConfig(iterations_per_loop=50, num_shards=8, per_host_input_for_training=False), '_save_checkpoints_secs': None, '_session_config': allow_soft_placement: true
log_device_placement: true
, '_keep_checkpoint_max': 5, '_tf_random_seed': 1, '_task_type': 'worker', '_is_chief': True, '_cluster_spec': <tensorflow.python.training.server_lib.ClusterSpec object at 0x7f2f020c09d0>, '_model_dir': '/home/yuemmawang/my_model_dir_alexnet_tpu', '_num_worker_replicas': 1, '_task_id': 0, '_log_step_count_steps': 100, '_master': 'grpc://10.240.2.2:8470', '_save_checkpoints_steps': None, '_keep_checkpoint_every_n_hours': 10000, '_evaluation_master': '', '_save_summary_steps': 100, '_num_ps_replicas': 0}
INFO:tensorflow:TPU job name tpu_worker
E1010 17:56:44.673417339   17535 ev_epoll1_linux.c:1051]     grpc epoll fd: 4
INFO:tensorflow:Init TPU system
INFO:tensorflow:Start infeed thread controller
INFO:tensorflow:Enqueue next batch of data to infeed.
INFO:tensorflow:loss = 6.91896, step = 0
INFO:tensorflow:loss = 6.91896, step = 0
INFO:tensorflow:Enqueue next batch of data to infeed.
INFO:tensorflow:Enqueue next batch of data to infeed.
INFO:tensorflow:global_step/sec: 0.935622
INFO:tensorflow:loss = 6.91937, step = 100 (106.880 sec)
INFO:tensorflow:Enqueue next batch of data to infeed.
INFO:tensorflow:Enqueue next batch of data to infeed.
INFO:tensorflow:global_step/sec: 3.91553
INFO:tensorflow:Enqueue next batch of data to infeed.
INFO:tensorflow:Enqueue next batch of data to infeed.
INFO:tensorflow:global_step/sec: 3.13699
INFO:tensorflow:loss = 6.90697, step = 300 (57.417 sec)
INFO:tensorflow:Enqueue next batch of data to infeed.
INFO:tensorflow:Enqueue next batch of data to infeed.
INFO:tensorflow:global_step/sec: 2.64376
INFO:tensorflow:Enqueue next batch of data to infeed.
INFO:tensorflow:loss = 6.89524, step = 450 (54.214 sec)
INFO:tensorflow:Enqueue next batch of data to infeed.
INFO:tensorflow:global_step/sec: 3.38576
INFO:tensorflow:Enqueue next batch of data to infeed.
INFO:tensorflow:Enqueue next batch of data to infeed.
INFO:tensorflow:global_step/sec: 4.07553
INFO:tensorflow:Enqueue next batch of data to infeed.
INFO:tensorflow:loss = 6.91549, step = 650 (49.792 sec)
INFO:tensorflow:Enqueue next batch of data to infeed.
INFO:tensorflow:global_step/sec: 3.98521
INFO:tensorflow:Enqueue next batch of data to infeed.
INFO:tensorflow:Enqueue next batch of data to infeed.
INFO:tensorflow:global_step/sec: 3.96436
INFO:tensorflow:Enqueue next batch of data to infeed.
INFO:tensorflow:loss = 6.9168, step = 850 (49.364 sec)
INFO:tensorflow:Enqueue next batch of data to infeed.
INFO:tensorflow:global_step/sec: 4.46804
INFO:tensorflow:Enqueue next batch of data to infeed.
INFO:tensorflow:Enqueue next batch of data to infeed.
INFO:tensorflow:global_step/sec: 3.93014
INFO:tensorflow:Enqueue next batch of data to infeed.
INFO:tensorflow:loss = 6.88298, step = 1050 (48.876 sec)
INFO:tensorflow:Enqueue next batch of data to infeed.
INFO:tensorflow:global_step/sec: 4.0554
INFO:tensorflow:Enqueue next batch of data to infeed.
INFO:tensorflow:Enqueue next batch of data to infeed.
INFO:tensorflow:global_step/sec: 4.03616
INFO:tensorflow:Enqueue next batch of data to infeed.
INFO:tensorflow:loss = 6.89641, step = 1250 (50.488 sec)
INFO:tensorflow:Enqueue next batch of data to infeed.
INFO:tensorflow:global_step/sec: 3.94514
INFO:tensorflow:Enqueue next batch of data to infeed.
INFO:tensorflow:Enqueue next batch of data to infeed.
INFO:tensorflow:global_step/sec: 3.33333
INFO:tensorflow:Enqueue next batch of data to infeed.
INFO:tensorflow:loss = 6.91439, step = 1450 (54.907 sec)
INFO:tensorflow:Enqueue next batch of data to infeed.
INFO:tensorflow:global_step/sec: 3.99978
INFO:tensorflow:Enqueue next batch of data to infeed.
INFO:tensorflow:Enqueue next batch of data to infeed.
INFO:tensorflow:global_step/sec: 3.87608
INFO:tensorflow:Enqueue next batch of data to infeed.
INFO:tensorflow:loss = 6.90305, step = 1650 (50.659 sec)
INFO:tensorflow:Enqueue next batch of data to infeed.
INFO:tensorflow:global_step/sec: 3.92017
INFO:tensorflow:Enqueue next batch of data to infeed.
INFO:tensorflow:Enqueue next batch of data to infeed.
INFO:tensorflow:global_step/sec: 3.85878
INFO:tensorflow:Enqueue next batch of data to infeed.
INFO:tensorflow:loss = 6.90571, step = 1850 (52.827 sec)
INFO:tensorflow:Enqueue next batch of data to infeed.
INFO:tensorflow:global_step/sec: 3.61294
INFO:tensorflow:Enqueue next batch of data to infeed.
INFO:tensorflow:Enqueue next batch of data to infeed.
INFO:tensorflow:global_step/sec: 3.91808
INFO:tensorflow:Enqueue next batch of data to infeed.
INFO:tensorflow:loss = 6.9306, step = 2050 (51.511 sec)
INFO:tensorflow:Enqueue next batch of data to infeed.
INFO:tensorflow:global_step/sec: 3.84283
INFO:tensorflow:Enqueue next batch of data to infeed.
INFO:tensorflow:Enqueue next batch of data to infeed.
INFO:tensorflow:global_step/sec: 3.79331
INFO:tensorflow:Enqueue next batch of data to infeed.
INFO:tensorflow:loss = 6.93797, step = 2250 (52.157 sec)
INFO:tensorflow:Enqueue next batch of data to infeed.
INFO:tensorflow:global_step/sec: 3.84705
INFO:tensorflow:Enqueue next batch of data to infeed.
INFO:tensorflow:Enqueue next batch of data to infeed.
INFO:tensorflow:global_step/sec: 4.19148
INFO:tensorflow:Enqueue next batch of data to infeed.
INFO:tensorflow:loss = 6.94288, step = 2450 (50.300 sec)
INFO:tensorflow:Enqueue next batch of data to infeed.
INFO:tensorflow:global_step/sec: 3.66479
INFO:tensorflow:Enqueue next batch of data to infeed.
INFO:tensorflow:Enqueue next batch of data to infeed.
INFO:tensorflow:global_step/sec: 3.70137
INFO:tensorflow:Enqueue next batch of data to infeed.
INFO:tensorflow:loss = 6.90265, step = 2650 (54.431 sec)
INFO:tensorflow:Enqueue next batch of data to infeed.
INFO:tensorflow:global_step/sec: 4.00485
INFO:tensorflow:Enqueue next batch of data to infeed.
INFO:tensorflow:Enqueue next batch of data to infeed.
INFO:tensorflow:global_step/sec: 4.44376
INFO:tensorflow:Enqueue next batch of data to infeed.
INFO:tensorflow:loss = 6.85714, step = 2850 (48.070 sec)
INFO:tensorflow:Enqueue next batch of data to infeed.
INFO:tensorflow:global_step/sec: 3.84095
INFO:tensorflow:Enqueue next batch of data to infeed.
INFO:tensorflow:Stop infeed thread controller
INFO:tensorflow:Waiting for Infeed Thread to exit.
INFO:tensorflow:Stop Infeed input thread.
INFO:tensorflow:Shutdown TPU system.
INFO:tensorflow:Loss for final step: 6.6704.
Total time: 939.998983145
